# JRE version: Java(TM) SE Runtime Environment (17.0.7+8) (build 17.0.7+8-LTS-224)
# Java VM: Java HotSpot(TM) 64-Bit Server VM (17.0.7+8-LTS-224, mixed mode, sharing, tiered, compressed oops, compressed class ptrs, g1 gc, windows-amd64)
GC Precious Log:
 CPUs: 24 total, 24 available
 Memory: 16290M
 Large Page Support: Disabled
 NUMA Support: Disabled
 Compressed Oops: Enabled (32-bit)
 Heap Region Size: 1M
 Heap Min Capacity: 256M
 Heap Initial Capacity: 256M
 Heap Max Capacity: 512M
 Pre-touch: Disabled
 Parallel Workers: 18
 Concurrent Workers: 5
 Concurrent Refinement Workers: 18
 Periodic GC: Disabled
Heap:
 garbage-first heap   total 262144K, used 98255K [0x00000000e0000000, 0x0000000100000000)
  region size 1024K, 42 young (43008K), 11 survivors (11264K)
 Metaspace       used 73014K, committed 74624K, reserved 278528K
  class space    used 9561K, committed 10240K, reserved 212992K
GC Heap History (20 events):
Event: 7162.203 GC heap before
{Heap before GC invocations=72 (full 0):
 garbage-first heap   total 262144K, used 211562K [0x00000000e0000000, 0x0000000100000000)
  region size 1024K, 153 young (156672K), 4 survivors (4096K)
 Metaspace       used 71385K, committed 73024K, reserved 278528K
  class space    used 9332K, committed 10048K, reserved 212992K
}
Event: 7162.207 GC heap after
{Heap after GC invocations=73 (full 0):
 garbage-first heap   total 262144K, used 63474K [0x00000000e0000000, 0x0000000100000000)
  region size 1024K, 7 young (7168K), 7 survivors (7168K)
 Metaspace       used 71385K, committed 73024K, reserved 278528K
  class space    used 9332K, committed 10048K, reserved 212992K
}
Event: 7162.701 GC heap before
{Heap before GC invocations=73 (full 0):
 garbage-first heap   total 262144K, used 211954K [0x00000000e0000000, 0x0000000100000000)
  region size 1024K, 153 young (156672K), 7 survivors (7168K)
 Metaspace       used 71418K, committed 73024K, reserved 278528K
  class space    used 9335K, committed 10048K, reserved 212992K
}
Event: 7162.704 GC heap after
{Heap after GC invocations=74 (full 0):
 garbage-first heap   total 262144K, used 62818K [0x00000000e0000000, 0x0000000100000000)
  region size 1024K, 6 young (6144K), 6 survivors (6144K)
 Metaspace       used 71418K, committed 73024K, reserved 278528K
  class space    used 9335K, committed 10048K, reserved 212992K
}
Event: 7195.095 GC heap before
{Heap before GC invocations=74 (full 0):
 garbage-first heap   total 262144K, used 212322K [0x00000000e0000000, 0x0000000100000000)
  region size 1024K, 153 young (156672K), 6 survivors (6144K)
 Metaspace       used 71470K, committed 73088K, reserved 278528K
  class space    used 9337K, committed 10048K, reserved 212992K
}
Event: 7195.098 GC heap after
{Heap after GC invocations=75 (full 0):
 garbage-first heap   total 262144K, used 66086K [0x00000000e0000000, 0x0000000100000000)
  region size 1024K, 9 young (9216K), 9 survivors (9216K)
 Metaspace       used 71470K, committed 73088K, reserved 278528K
  class space    used 9337K, committed 10048K, reserved 212992K
}
Event: 7244.678 GC heap before
{Heap before GC invocations=75 (full 0):
 garbage-first heap   total 262144K, used 212518K [0x00000000e0000000, 0x0000000100000000)
  region size 1024K, 153 young (156672K), 9 survivors (9216K)
 Metaspace       used 71486K, committed 73088K, reserved 278528K
  class space    used 9340K, committed 10048K, reserved 212992K
}
Event: 7244.681 GC heap after
{Heap after GC invocations=76 (full 0):
 garbage-first heap   total 262144K, used 65099K [0x00000000e0000000, 0x0000000100000000)
  region size 1024K, 8 young (8192K), 8 survivors (8192K)
 Metaspace       used 71486K, committed 73088K, reserved 278528K
  class space    used 9340K, committed 10048K, reserved 212992K
}
Event: 7263.194 GC heap before
{Heap before GC invocations=76 (full 0):
 garbage-first heap   total 262144K, used 212555K [0x00000000e0000000, 0x0000000100000000)
  region size 1024K, 153 young (156672K), 8 survivors (8192K)
 Metaspace       used 71500K, committed 73152K, reserved 278528K
  class space    used 9343K, committed 10048K, reserved 212992K
}
Event: 7263.197 GC heap after
{Heap after GC invocations=77 (full 0):
 garbage-first heap   total 262144K, used 64675K [0x00000000e0000000, 0x0000000100000000)
  region size 1024K, 8 young (8192K), 8 survivors (8192K)
 Metaspace       used 71500K, committed 73152K, reserved 278528K
  class space    used 9343K, committed 10048K, reserved 212992K
}
Event: 7283.593 GC heap before
{Heap before GC invocations=77 (full 0):
 garbage-first heap   total 262144K, used 212131K [0x00000000e0000000, 0x0000000100000000)
  region size 1024K, 153 young (156672K), 8 survivors (8192K)
 Metaspace       used 71518K, committed 73152K, reserved 278528K
  class space    used 9346K, committed 10048K, reserved 212992K
}
Event: 7283.595 GC heap after
{Heap after GC invocations=78 (full 0):
 garbage-first heap   total 262144K, used 64538K [0x00000000e0000000, 0x0000000100000000)
  region size 1024K, 8 young (8192K), 8 survivors (8192K)
 Metaspace       used 71518K, committed 73152K, reserved 278528K
  class space    used 9346K, committed 10048K, reserved 212992K
}
Event: 7335.565 GC heap before
{Heap before GC invocations=78 (full 0):
 garbage-first heap   total 262144K, used 211994K [0x00000000e0000000, 0x0000000100000000)
  region size 1024K, 153 young (156672K), 8 survivors (8192K)
 Metaspace       used 71551K, committed 73152K, reserved 278528K
  class space    used 9349K, committed 10048K, reserved 212992K
}
Event: 7335.567 GC heap after
{Heap after GC invocations=79 (full 0):
 garbage-first heap   total 262144K, used 63771K [0x00000000e0000000, 0x0000000100000000)
  region size 1024K, 7 young (7168K), 7 survivors (7168K)
 Metaspace       used 71551K, committed 73152K, reserved 278528K
  class space    used 9349K, committed 10048K, reserved 212992K
}
Event: 7404.551 GC heap before
{Heap before GC invocations=79 (full 0):
 garbage-first heap   total 262144K, used 212251K [0x00000000e0000000, 0x0000000100000000)
  region size 1024K, 153 young (156672K), 7 survivors (7168K)
 Metaspace       used 71565K, committed 73216K, reserved 278528K
  class space    used 9352K, committed 10048K, reserved 212992K
}
Event: 7404.553 GC heap after
{Heap after GC invocations=80 (full 0):
 garbage-first heap   total 262144K, used 63234K [0x00000000e0000000, 0x0000000100000000)
  region size 1024K, 6 young (6144K), 6 survivors (6144K)
 Metaspace       used 71565K, committed 73216K, reserved 278528K
  class space    used 9352K, committed 10048K, reserved 212992K
}
Event: 7709.075 GC heap before
{Heap before GC invocations=80 (full 0):
 garbage-first heap   total 262144K, used 212738K [0x00000000e0000000, 0x0000000100000000)
  region size 1024K, 153 young (156672K), 6 survivors (6144K)
 Metaspace       used 71597K, committed 73280K, reserved 278528K
  class space    used 9358K, committed 10048K, reserved 212992K
}
Event: 7709.078 GC heap after
{Heap after GC invocations=81 (full 0):
 garbage-first heap   total 262144K, used 62273K [0x00000000e0000000, 0x0000000100000000)
  region size 1024K, 5 young (5120K), 5 survivors (5120K)
 Metaspace       used 71597K, committed 73280K, reserved 278528K
  class space    used 9358K, committed 10048K, reserved 212992K
}
Event: 7709.426 GC heap before
{Heap before GC invocations=81 (full 0):
 garbage-first heap   total 262144K, used 212801K [0x00000000e0000000, 0x0000000100000000)
  region size 1024K, 153 young (156672K), 5 survivors (5120K)
 Metaspace       used 71989K, committed 73664K, reserved 278528K
  class space    used 9415K, committed 10112K, reserved 212992K
}
Event: 7709.431 GC heap after
{Heap after GC invocations=82 (full 0):
 garbage-first heap   total 262144K, used 68559K [0x00000000e0000000, 0x0000000100000000)
  region size 1024K, 11 young (11264K), 11 survivors (11264K)
 Metaspace       used 71989K, committed 73664K, reserved 278528K
  class space    used 9415K, committed 10112K, reserved 212992K
}

